1635724071343	geckodriver	INFO	Listening on 127.0.0.1:58899
1635724074470	mozrunner::runner	INFO	Running command: "C:\\Program Files\\Mozilla Firefox\\firefox.exe" "--marionette" "--remote-debugging-port" "58900" "-no-remote" "-profile" "C:\\Users\\light\\AppData\\Local\\Temp\\rust_mozprofileVIAcZB"
1635724075447	Marionette	INFO	Marionette enabled
console.warn: SearchSettings: "get: No settings file exists, new profile?" (new NotFoundError("Could not open the file at C:\\Users\\light\\AppData\\Local\\Temp\\rust_mozprofileVIAcZB\\search.json.mozlz4", (void 0)))
DevTools listening on ws://localhost:58900/devtools/browser/2c07da40-e9cc-499c-b63a-63f2b00601ea
1635724080050	Marionette	INFO	Listening on port 58906
1635724080336	RemoteAgent	WARN	TLS certificate errors will be ignored for this session
JavaScript error: resource://services-settings/Attachments.jsm, line 391: TypeError: / is not a valid URL.
1635724105887	Marionette	INFO	Stopped listening on port 58906
JavaScript error: resource:///modules/Interactions.jsm, line 201: NS_ERROR_FAILURE: Component returned failure code: 0x80004005 (NS_ERROR_FAILURE) [nsIUserIdleService.removeIdleObserver]
console.warn: TopSitesFeed: Failed to fetch data from Contile server: NetworkError when attempting to fetch resource.
1635724108317	geckodriver	INFO	Listening on 127.0.0.1:58951
1635724111413	mozrunner::runner	INFO	Running command: "C:\\Program Files\\Mozilla Firefox\\firefox.exe" "--marionette" "--remote-debugging-port" "58952" "-no-remote" "-profile" "C:\\Users\\light\\AppData\\Local\\Temp\\rust_mozprofileYA2nnI"
1635724112203	Marionette	INFO	Marionette enabled
console.warn: SearchSettings: "get: No settings file exists, new profile?" (new NotFoundError("Could not open the file at C:\\Users\\light\\AppData\\Local\\Temp\\rust_mozprofileYA2nnI\\search.json.mozlz4", (void 0)))
DevTools listening on ws://localhost:58952/devtools/browser/742c2fab-644c-43b9-aed2-b87a0413352e
1635724116468	Marionette	INFO	Listening on port 58958
1635724116771	RemoteAgent	WARN	TLS certificate errors will be ignored for this session
JavaScript error: resource://services-settings/Attachments.jsm, line 391: TypeError: / is not a valid URL.
1635724140347	Marionette	INFO	Stopped listening on port 58958
JavaScript error: resource:///modules/Interactions.jsm, line 201: NS_ERROR_FAILURE: Component returned failure code: 0x80004005 (NS_ERROR_FAILURE) [nsIUserIdleService.removeIdleObserver]
console.warn: TopSitesFeed: Failed to fetch data from Contile server: NetworkError when attempting to fetch resource.
